================================================================================
MODEL GENERALIZATION TEST
================================================================================

Model: Trained on Subset 12 (2020-12-02 to 2023-08-02)
Testing on 3 different time periods...


================================================================================
Testing on Subset 9: 2020-03-04_2022-11-02
Description: Earlier, overlaps training
================================================================================

✓ Results:
  Accuracy: 0.5413 (54.13%)
  MAE:      0.017528
  RMSE:     0.024717

================================================================================
Testing on Subset 10: 2020-06-03_2023-02-03
Description: Similar timeframe
================================================================================

✓ Results:
  Accuracy: 0.5242 (52.42%)
  MAE:      0.015373
  RMSE:     0.021758

================================================================================
Testing on Subset 13: 2021-03-05_2023-11-03
Description: Later, extends beyond
================================================================================

✓ Results:
  Accuracy: 0.5578 (55.78%)
  MAE:      0.013666
  RMSE:     0.019198


================================================================================
GENERALIZATION TEST SUMMARY
================================================================================

Subset       Date Range                Accuracy     MAE          RMSE        
--------------------------------------------------------------------------------
Subset 12    2020-12-02_2023-08-02     53.79%       0.014468     0.020668     (Baseline)
Subset 9     2020-03-04_2022-11-02     54.13%       0.017528     0.024717    
Subset 10    2020-06-03_2023-02-03     52.42%       0.015373     0.021758    
Subset 13    2021-03-05_2023-11-03     55.78%       0.013666     0.019198    

================================================================================
CONCLUSIONS:
  - Accuracy range: 52.42% to 55.78%
  - MAE range: 0.013666 to 0.017528
  - Avg accuracy deviation from baseline: 2.29%
  - Avg MAE deviation from baseline: 10.98%

  ✓ Model shows GOOD generalization across time periods!
================================================================================

================================================================================
MODEL GENERALIZATION TEST
================================================================================

Model: Trained on Subset 12 (2020-12-02 to 2023-08-02)
Testing on 2 different time periods...


================================================================================
Testing on Subset 1: 2018-03-01_2020-10-29
Description: Much earlier period
================================================================================

✓ Results:
  Accuracy: 0.5166 (51.66%)
  MAE:      0.018724
  RMSE:     0.026539

================================================================================
Testing on Subset 4: 2018-11-28_2021-07-28
Description: Earlier period
================================================================================

✓ Results:
  Accuracy: 0.5323 (53.23%)
  MAE:      0.020663
  RMSE:     0.029928


================================================================================
GENERALIZATION TEST SUMMARY
================================================================================

Subset       Date Range                Accuracy     MAE          RMSE        
--------------------------------------------------------------------------------
Subset 12    2020-12-02_2023-08-02     53.79%       0.014468     0.020668     (Baseline)
Subset 1     2018-03-01_2020-10-29     51.66%       0.018724     0.026539    
Subset 4     2018-11-28_2021-07-28     53.23%       0.020663     0.029928    

================================================================================
CONCLUSIONS:
  - Accuracy range: 51.66% to 53.23%
  - MAE range: 0.018724 to 0.020663
  - Avg accuracy deviation from baseline: 2.50%
  - Avg MAE deviation from baseline: 36.12%

  ~ Model shows MODERATE generalization
================================================================================

